0 info it worked if it ends with ok
1 verbose cli [ 'node', '/usr/local/bin/npm', 'install', '-g', 'force-server' ]
2 info using npm@1.4.28
3 info using node@v0.10.32
4 verbose cache add [ 'force-server', null ]
5 verbose cache add name=undefined spec="force-server" args=["force-server",null]
6 verbose parsed url { protocol: null,
6 verbose parsed url   slashes: null,
6 verbose parsed url   auth: null,
6 verbose parsed url   host: null,
6 verbose parsed url   port: null,
6 verbose parsed url   hostname: null,
6 verbose parsed url   hash: null,
6 verbose parsed url   search: null,
6 verbose parsed url   query: null,
6 verbose parsed url   pathname: 'force-server',
6 verbose parsed url   path: 'force-server',
6 verbose parsed url   href: 'force-server' }
7 silly lockFile 1accb073-force-server force-server
8 verbose lock force-server /Users/ccoenraets/.npm/1accb073-force-server.lock
9 silly lockFile 1accb073-force-server force-server
10 silly lockFile 1accb073-force-server force-server
11 verbose addNamed [ 'force-server', '' ]
12 verbose addNamed [ null, '*' ]
13 silly lockFile 01642e7a-force-server force-server@
14 verbose lock force-server@ /Users/ccoenraets/.npm/01642e7a-force-server.lock
15 silly addNameRange { name: 'force-server', range: '*', hasData: false }
16 verbose request where is /force-server
17 verbose request registry https://registry.npmjs.org/
18 verbose request id a679fa129c2af460
19 verbose url raw /force-server
20 verbose url resolving [ 'https://registry.npmjs.org/', './force-server' ]
21 verbose url resolved https://registry.npmjs.org/force-server
22 verbose request where is https://registry.npmjs.org/force-server
23 info trying registry request attempt 1 at 11:30:57
24 http GET https://registry.npmjs.org/force-server
25 http 200 https://registry.npmjs.org/force-server
26 silly registry.get cb [ 200,
26 silly registry.get   { date: 'Tue, 21 Oct 2014 15:30:58 GMT',
26 silly registry.get     server: 'CouchDB/1.5.0 (Erlang OTP/R16B03)',
26 silly registry.get     etag: '"F01X7IUNCYFQJVNZ9VVPDA8PW"',
26 silly registry.get     'content-type': 'application/json',
26 silly registry.get     'cache-control': 'max-age=60',
26 silly registry.get     'content-length': '3887',
26 silly registry.get     'accept-ranges': 'bytes',
26 silly registry.get     via: '1.1 varnish',
26 silly registry.get     age: '0',
26 silly registry.get     'x-served-by': 'cache-jfk1030-JFK',
26 silly registry.get     'x-cache': 'MISS',
26 silly registry.get     'x-cache-hits': '0',
26 silly registry.get     'x-timer': 'S1413905458.362011,VS0,VE87',
26 silly registry.get     vary: 'Accept',
26 silly registry.get     'keep-alive': 'timeout=10, max=50',
26 silly registry.get     connection: 'Keep-Alive' } ]
27 silly addNameRange number 2 { name: 'force-server', range: '*', hasData: true }
28 silly addNameRange versions [ 'force-server', [ '0.0.1' ] ]
29 verbose addNamed [ 'force-server', '0.0.1' ]
30 verbose addNamed [ '0.0.1', '0.0.1' ]
31 silly lockFile 7f707f54-force-server-0-0-1 force-server@0.0.1
32 verbose lock force-server@0.0.1 /Users/ccoenraets/.npm/7f707f54-force-server-0-0-1.lock
33 silly lockFile 7f707f54-force-server-0-0-1 force-server@0.0.1
34 silly lockFile 7f707f54-force-server-0-0-1 force-server@0.0.1
35 silly lockFile 01642e7a-force-server force-server@
36 silly lockFile 01642e7a-force-server force-server@
37 silly resolved [ { name: 'force-server',
37 silly resolved     version: '0.0.1',
37 silly resolved     description: 'Development server for Force.com',
37 silly resolved     bin: { 'force-server': './bin/force-server.js' },
37 silly resolved     repository:
37 silly resolved      { type: 'git',
37 silly resolved        url: 'https://github.com/ccoenraets/force-server.git' },
37 silly resolved     keywords: [ 'force.com', 'proxy', 'cors', 'webserver' ],
37 silly resolved     author:
37 silly resolved      { name: 'Christophe Coenraets',
37 silly resolved        email: 'ccoenraets@gmail.com',
37 silly resolved        url: 'http://coenraets.org/' },
37 silly resolved     license: 'MIT',
37 silly resolved     bugs: { url: 'https://github.com/ccoenraets/force-server/issues' },
37 silly resolved     homepage: 'https://github.com/ccoenraets/force-server',
37 silly resolved     dependencies:
37 silly resolved      { express: '~4.9.8',
37 silly resolved        'body-parser': '~1.9.0',
37 silly resolved        request: '~2.45.0' },
37 silly resolved     readme: '[![Deploy](https://www.herokucdn.com/deploy/button.png)](https://heroku.com/deploy)\n\n# CORS Proxy\n\nThis simple Node.js-based proxy allows your JavaScript application to call services that are hosted on a different domain and that don\'t support [CORS](http://en.wikipedia.org/wiki/Cross-origin_resource_sharing). \n\nBecause the proxy is itself CORS-enabled, your application and the proxy don\'t have to be hosted on the same \ndomain.\n\nThis proxy was tested with the Salesforce.com REST API, but it should work with other services as well.\n\n## Installation\n\nThere are different options to get your own instance of the CORS proxy up and running:\n\n1. Deploy to Heroku (easiest): click the \'Deploy to Heroku\' button at the top of this page\n\n1. Install a local version\n    - Clone this repository\n    - Install the server dependencies\n    \n        ```\n        npm install\n        ```\n    \n    - Start the server\n         \n         ```\n         node server\n         ```\n\n## Usage\n\nWhen making an API call using JavaScript (using XMLHTTPRequest, $.ajax, etc):\n\n1. Substitute the actual service URL with the Proxy URL \n\n1. Set the request method, query parameters, and body as usual\n\n1. Set the actual service URL in a header named \'Target-Endpoint\'\n\n1. Send the request as usual\n\n\n## CORS Headers\n\nThe proxy allows **all** origins, methods, and headers. You probably want to lock this down in a production \nenvironment.\n\n\n## Other Headers\n\nThe proxy currently passes the "Authorization" header to the target endpoint. You can modify the proxy to pass\n additional headers (or all of them).\n \n\n## Other Implementations\n\nCheck out James Ward\'s [Saleforce CORS Proxy](https://github.com/jamesward/sf-cors-proxy) written in Scala.\n',
37 silly resolved     readmeFilename: 'README.md',
37 silly resolved     gitHead: '2a999b23c9122a3dc460ec53543ca3d673b96402',
37 silly resolved     _id: 'force-server@0.0.1',
37 silly resolved     scripts: {},
37 silly resolved     _shasum: '63f3e4ff7e3698f98df98ba1c261f2893ad5f9b4',
37 silly resolved     _from: 'force-server@' } ]
38 info install force-server@0.0.1 into /usr/local/lib
39 info installOne force-server@0.0.1
40 verbose lib/node_modules/force-server unbuild
41 verbose tar unpack /Users/ccoenraets/.npm/force-server/0.0.1/package.tgz
42 silly lockFile 7ddb22d6-al-lib-node-modules-force-server tar:///usr/local/lib/node_modules/force-server
43 verbose lock tar:///usr/local/lib/node_modules/force-server /Users/ccoenraets/.npm/7ddb22d6-al-lib-node-modules-force-server.lock
44 silly lockFile 80230bd0-m-force-server-0-0-1-package-tgz tar:///Users/ccoenraets/.npm/force-server/0.0.1/package.tgz
45 verbose lock tar:///Users/ccoenraets/.npm/force-server/0.0.1/package.tgz /Users/ccoenraets/.npm/80230bd0-m-force-server-0-0-1-package-tgz.lock
46 silly gunzTarPerm modes [ '755', '644' ]
47 error Error: EACCES, mkdir '/usr/local/lib/node_modules/force-server'
47 error  { [Error: EACCES, mkdir '/usr/local/lib/node_modules/force-server']
47 error   errno: 3,
47 error   code: 'EACCES',
47 error   path: '/usr/local/lib/node_modules/force-server',
47 error   fstream_type: 'Directory',
47 error   fstream_path: '/usr/local/lib/node_modules/force-server',
47 error   fstream_class: 'DirWriter',
47 error   fstream_stack:
47 error    [ '/usr/local/lib/node_modules/npm/node_modules/fstream/lib/dir-writer.js:36:23',
47 error      '/usr/local/lib/node_modules/npm/node_modules/mkdirp/index.js:46:53',
47 error      'Object.oncomplete (fs.js:107:15)' ] }
48 error Please try running this command again as root/Administrator.
49 error System Darwin 13.4.0
50 error command "node" "/usr/local/bin/npm" "install" "-g" "force-server"
51 error cwd /Users/ccoenraets/Projects/force-server
52 error node -v v0.10.32
53 error npm -v 1.4.28
54 error path /usr/local/lib/node_modules/force-server
55 error fstream_path /usr/local/lib/node_modules/force-server
56 error fstream_type Directory
57 error fstream_class DirWriter
58 error code EACCES
59 error errno 3
60 error stack Error: EACCES, mkdir '/usr/local/lib/node_modules/force-server'
61 error fstream_stack /usr/local/lib/node_modules/npm/node_modules/fstream/lib/dir-writer.js:36:23
61 error fstream_stack /usr/local/lib/node_modules/npm/node_modules/mkdirp/index.js:46:53
61 error fstream_stack Object.oncomplete (fs.js:107:15)
62 verbose exit [ 3, true ]
